2025-04-04 09:21:58.691688 - Received SBGOLOB.CBT509.FILE415 from FILE415.XMI 
2025-04-04 09:21:58.693202 - Found $$$#DATE.txt (text/plain) in SBGOLOB.CBT509.FILE415, moved to PDS/$$$#DATE
2025-04-04 09:21:58.693361 - Found $$INTRO.txt (text/plain) in SBGOLOB.CBT509.FILE415, moved to PDS/$$INTRO
2025-04-04 09:21:58.693517 - Found $$INTRO2.txt (text/plain) in SBGOLOB.CBT509.FILE415, moved to PDS/$$INTRO2
2025-04-04 09:21:58.693655 - Found $$NOTE01.eml (message/rfc822) in SBGOLOB.CBT509.FILE415, moved to PDS/$$NOTE01
2025-04-04 09:21:58.693782 - Found $$NOTE02.txt (text/plain) in SBGOLOB.CBT509.FILE415, moved to PDS/$$NOTE02
2025-04-04 09:21:58.693907 - Found $$NOTE03.eml (message/rfc822) in SBGOLOB.CBT509.FILE415, moved to PDS/$$NOTE03
2025-04-04 09:21:58.694038 - Found $$NOTE04.eml (message/rfc822) in SBGOLOB.CBT509.FILE415, moved to PDS/$$NOTE04
2025-04-04 09:21:58.694161 - Found $$NOTE05.eml (message/rfc822) in SBGOLOB.CBT509.FILE415, moved to PDS/$$NOTE05
2025-04-04 09:21:58.694290 - Found $$NOTE06.eml (message/rfc822) in SBGOLOB.CBT509.FILE415, moved to PDS/$$NOTE06
2025-04-04 09:21:58.694414 - Found $$NOTE07.txt (text/plain) in SBGOLOB.CBT509.FILE415, moved to PDS/$$NOTE07
2025-04-04 09:21:58.694539 - Found $$NOTE08.eml (message/rfc822) in SBGOLOB.CBT509.FILE415, moved to PDS/$$NOTE08
2025-04-04 09:21:58.694665 - Found $$NOTE09.txt (text/plain) in SBGOLOB.CBT509.FILE415, moved to PDS/$$NOTE09
2025-04-04 09:21:58.694792 - Found $$NOTE10.txt (text/plain) in SBGOLOB.CBT509.FILE415, moved to PDS/$$NOTE10
2025-04-04 09:21:58.694916 - Found $$NOTE11.txt (text/plain) in SBGOLOB.CBT509.FILE415, moved to PDS/$$NOTE11
2025-04-04 09:21:58.695044 - Found $$NOTE12.txt (text/plain) in SBGOLOB.CBT509.FILE415, moved to PDS/$$NOTE12
2025-04-04 09:21:58.695167 - Found $$NOTE13.txt (text/plain) in SBGOLOB.CBT509.FILE415, moved to PDS/$$NOTE13
2025-04-04 09:21:58.695311 - Found $$NOTE14.txt (text/plain) in SBGOLOB.CBT509.FILE415, moved to PDS/$$NOTE14
2025-04-04 09:21:58.695429 - Found $$NOTE15.txt (text/plain) in SBGOLOB.CBT509.FILE415, moved to PDS/$$NOTE15
2025-04-04 09:21:58.695552 - Found $$NOTE16.txt (text/plain) in SBGOLOB.CBT509.FILE415, moved to PDS/$$NOTE16
2025-04-04 09:21:58.695689 - Found $$NOTE17.txt (text/plain) in SBGOLOB.CBT509.FILE415, moved to PDS/$$NOTE17
2025-04-04 09:21:58.695809 - Found $$NOTE18.eml (message/rfc822) in SBGOLOB.CBT509.FILE415, moved to PDS/$$NOTE18
2025-04-04 09:21:58.695927 - Found $INSTALT.jcl (text/plain) in SBGOLOB.CBT509.FILE415, moved to PDS/$INSTALT
2025-04-04 09:21:58.696054 - Found $INSTMVS.jcl (text/plain) in SBGOLOB.CBT509.FILE415, moved to PDS/$INSTMVS
2025-04-04 09:21:58.696180 - Found $INSTZOS.jcl (text/plain) in SBGOLOB.CBT509.FILE415, moved to PDS/$INSTZOS
2025-04-04 09:21:58.696655 - Found $MANUAL#.pdf (application/pdf) in SBGOLOB.CBT509.FILE415, moved to docs/$MANUAL#.pdf
2025-04-04 09:21:58.696865 - Found $MANUAL@.docx (application/vnd.openxmlformats-officedocument.wordprocessingml.document) in SBGOLOB.CBT509.FILE415, moved to docs/$MANUAL@.docx
2025-04-04 09:21:58.697002 - Found $PROFILE.jcl (text/plain) in SBGOLOB.CBT509.FILE415, moved to PDS/$PROFILE
2025-04-04 09:21:58.697135 - Found @FILE415.txt (text/plain) in SBGOLOB.CBT509.FILE415, moved to PDS/@FILE415
2025-04-04 09:21:58.697253 - Found @INSTALL.txt (text/plain) in SBGOLOB.CBT509.FILE415, moved to PDS/@INSTALL
2025-04-04 09:21:58.697385 - Found ASMFOREG.eml (message/rfc822) in SBGOLOB.CBT509.FILE415, moved to PDS/ASMFOREG
2025-04-04 09:21:58.699293 - Found ASMXMI.xmi (application/xmit) in SBGOLOB.CBT509.FILE415, moved to PDS/ASMXMI.xmi
2025-04-04 09:21:59.759935 - Received A0611.RPF200.ASM from ASMXMI.xmi 
2025-04-04 09:21:59.762218 - Found CALLTS.txt (text/plain) in A0611.RPF200.ASM, moved to ASMXMI/CALLTS
2025-04-04 09:21:59.762440 - Found CSR.txt (text/plain) in A0611.RPF200.ASM, moved to ASMXMI/CSR
2025-04-04 09:21:59.762671 - Found DSNPARS.txt (text/plain) in A0611.RPF200.ASM, moved to ASMXMI/DSNPARS
2025-04-04 09:21:59.762822 - Found ISPLINK.txt (text/plain) in A0611.RPF200.ASM, moved to ASMXMI/ISPLINK
2025-04-04 09:21:59.762975 - Found JCLCOMM.txt (text/plain) in A0611.RPF200.ASM, moved to ASMXMI/JCLCOMM
2025-04-04 09:21:59.763106 - Found RCTOSBA.txt (text/plain) in A0611.RPF200.ASM, moved to ASMXMI/RCTOSBA
2025-04-04 09:21:59.763245 - Found RPFALLOC.txt (text/plain) in A0611.RPF200.ASM, moved to ASMXMI/RPFALLOC
2025-04-04 09:21:59.763399 - Found RPFARCH.txt (text/plain) in A0611.RPF200.ASM, moved to ASMXMI/RPFARCH
2025-04-04 09:21:59.763523 - Found RPFARSVE.txt (text/plain) in A0611.RPF200.ASM, moved to ASMXMI/RPFARSVE
2025-04-04 09:21:59.763662 - Found RPFASM.txt (text/plain) in A0611.RPF200.ASM, moved to ASMXMI/RPFASM
2025-04-04 09:21:59.763786 - Found RPFASM00.txt (text/plain) in A0611.RPF200.ASM, moved to ASMXMI/RPFASM00
2025-04-04 09:21:59.763942 - Found RPFBRO.txt (text/plain) in A0611.RPF200.ASM, moved to ASMXMI/RPFBRO
2025-04-04 09:21:59.764067 - Found RPFCHNG.txt (text/plain) in A0611.RPF200.ASM, moved to ASMXMI/RPFCHNG
2025-04-04 09:21:59.764194 - Found RPFCNVDT.txt (text/plain) in A0611.RPF200.ASM, moved to ASMXMI/RPFCNVDT
2025-04-04 09:21:59.764316 - Found RPFCOMM.bin (application/octet-stream) in A0611.RPF200.ASM, moved to ASMXMI/RPFCOMM
2025-04-04 09:21:59.764471 - Found RPFC3270.txt (text/plain) in A0611.RPF200.ASM, moved to ASMXMI/RPFC3270
2025-04-04 09:21:59.764608 - Found RPFDAIR.txt (text/plain) in A0611.RPF200.ASM, moved to ASMXMI/RPFDAIR
2025-04-04 09:21:59.764757 - Found RPFDATAL.txt (text/plain) in A0611.RPF200.ASM, moved to ASMXMI/RPFDATAL
2025-04-04 09:21:59.764900 - Found RPFDEF.txt (text/plain) in A0611.RPF200.ASM, moved to ASMXMI/RPFDEF
2025-04-04 09:21:59.765024 - Found RPFDOC.txt (text/plain) in A0611.RPF200.ASM, moved to ASMXMI/RPFDOC
2025-04-04 09:21:59.765164 - Found RPFED.txt (text/plain) in A0611.RPF200.ASM, moved to ASMXMI/RPFED
2025-04-04 09:21:59.765358 - Found RPFEDIT.txt (text/plain) in A0611.RPF200.ASM, moved to ASMXMI/RPFEDIT
2025-04-04 09:21:59.765492 - Found RPFEDITL.txt (text/plain) in A0611.RPF200.ASM, moved to ASMXMI/RPFEDITL
2025-04-04 09:21:59.765615 - Found RPFEND.txt (text/plain) in A0611.RPF200.ASM, moved to ASMXMI/RPFEND
2025-04-04 09:21:59.765731 - Found RPFFILL.txt (text/plain) in A0611.RPF200.ASM, moved to ASMXMI/RPFFILL
2025-04-04 09:21:59.765866 - Found RPFFIND.txt (text/plain) in A0611.RPF200.ASM, moved to ASMXMI/RPFFIND
2025-04-04 09:21:59.766013 - Found RPFHCPY.txt (text/plain) in A0611.RPF200.ASM, moved to ASMXMI/RPFHCPY
2025-04-04 09:21:59.766129 - Found RPFHELP.txt (text/plain) in A0611.RPF200.ASM, moved to ASMXMI/RPFHELP
2025-04-04 09:21:59.766243 - Found RPFINIT.txt (text/plain) in A0611.RPF200.ASM, moved to ASMXMI/RPFINIT
2025-04-04 09:21:59.766394 - Found RPFJCL1.txt (text/plain) in A0611.RPF200.ASM, moved to ASMXMI/RPFJCL1
2025-04-04 09:21:59.766517 - Found RPFJCL2.txt (text/plain) in A0611.RPF200.ASM, moved to ASMXMI/RPFJCL2
2025-04-04 09:21:59.766669 - Found RPFLIB.txt (text/plain) in A0611.RPF200.ASM, moved to ASMXMI/RPFLIB
2025-04-04 09:21:59.766792 - Found RPFLIB01.txt (text/plain) in A0611.RPF200.ASM, moved to ASMXMI/RPFLIB01
2025-04-04 09:21:59.766945 - Found RPFLIB02.txt (text/plain) in A0611.RPF200.ASM, moved to ASMXMI/RPFLIB02
2025-04-04 09:21:59.767084 - Found RPFLISTC.txt (text/plain) in A0611.RPF200.ASM, moved to ASMXMI/RPFLISTC
2025-04-04 09:21:59.767206 - Found RPFMAIN.txt (text/plain) in A0611.RPF200.ASM, moved to ASMXMI/RPFMAIN
2025-04-04 09:21:59.767348 - Found RPFMVCPY.txt (text/plain) in A0611.RPF200.ASM, moved to ASMXMI/RPFMVCPY
2025-04-04 09:21:59.767462 - Found RPFOPER.txt (text/plain) in A0611.RPF200.ASM, moved to ASMXMI/RPFOPER
2025-04-04 09:21:59.767585 - Found RPFOUT.txt (text/plain) in A0611.RPF200.ASM, moved to ASMXMI/RPFOUT
2025-04-04 09:21:59.767747 - Found RPFPDS.txt (text/plain) in A0611.RPF200.ASM, moved to ASMXMI/RPFPDS
2025-04-04 09:21:59.767880 - Found RPFPFK.txt (text/plain) in A0611.RPF200.ASM, moved to ASMXMI/RPFPFK
2025-04-04 09:21:59.768002 - Found RPFPROF.txt (text/plain) in A0611.RPF200.ASM, moved to ASMXMI/RPFPROF
2025-04-04 09:21:59.768127 - Found RPFSAVE.txt (text/plain) in A0611.RPF200.ASM, moved to ASMXMI/RPFSAVE
2025-04-04 09:21:59.768253 - Found RPFSA24.txt (text/plain) in A0611.RPF200.ASM, moved to ASMXMI/RPFSA24
2025-04-04 09:21:59.768370 - Found RPFSA31.txt (text/plain) in A0611.RPF200.ASM, moved to ASMXMI/RPFSA31
2025-04-04 09:21:59.768488 - Found RPFSORT.txt (text/plain) in A0611.RPF200.ASM, moved to ASMXMI/RPFSORT
2025-04-04 09:21:59.768605 - Found RPFSRCH.txt (text/plain) in A0611.RPF200.ASM, moved to ASMXMI/RPFSRCH
2025-04-04 09:21:59.768715 - Found RPFSTAT.txt (text/plain) in A0611.RPF200.ASM, moved to ASMXMI/RPFSTAT
2025-04-04 09:21:59.768841 - Found RPFSUB.txt (text/plain) in A0611.RPF200.ASM, moved to ASMXMI/RPFSUB
2025-04-04 09:21:59.768960 - Found RPFTEST.txt (text/plain) in A0611.RPF200.ASM, moved to ASMXMI/RPFTEST
2025-04-04 09:21:59.769091 - Found RPFTSO.txt (text/plain) in A0611.RPF200.ASM, moved to ASMXMI/RPFTSO
2025-04-04 09:21:59.769245 - Found RPFUGUID.txt (text/plain) in A0611.RPF200.ASM, moved to ASMXMI/RPFUGUID
2025-04-04 09:21:59.769369 - Found RPFUTIL.txt (text/plain) in A0611.RPF200.ASM, moved to ASMXMI/RPFUTIL
2025-04-04 09:21:59.769485 - Found RPFV.txt (text/plain) in A0611.RPF200.ASM, moved to ASMXMI/RPFV
2025-04-04 09:21:59.769606 - Found RPFVTOC.txt (text/plain) in A0611.RPF200.ASM, moved to ASMXMI/RPFVTOC
2025-04-04 09:21:59.769746 - Found RPFVTOC1.txt (text/plain) in A0611.RPF200.ASM, moved to ASMXMI/RPFVTOC1
2025-04-04 09:21:59.769872 - Found SUBR.txt (text/plain) in A0611.RPF200.ASM, moved to ASMXMI/SUBR
2025-04-04 09:21:59.769993 - Found SYCONVHX.txt (text/plain) in A0611.RPF200.ASM, moved to ASMXMI/SYCONVHX
2025-04-04 09:21:59.770124 - Found SYSVARS.txt (text/plain) in A0611.RPF200.ASM, moved to ASMXMI/SYSVARS
2025-04-04 09:21:59.770241 - Found TPUTS.txt (text/plain) in A0611.RPF200.ASM, moved to ASMXMI/TPUTS
2025-04-04 09:21:59.773431 - Found HELPXMI.xmi (application/xmit) in SBGOLOB.CBT509.FILE415, moved to PDS/HELPXMI.xmi
2025-04-04 09:21:59.869444 - Received A0611.RPF200.HELP from HELPXMI.xmi 
2025-04-04 09:21:59.870074 - Found RPF.txt (text/plain) in A0611.RPF200.HELP, moved to HELPXMI/RPF
2025-04-04 09:21:59.870221 - Found RPFED.txt (text/plain) in A0611.RPF200.HELP, moved to HELPXMI/RPFED
2025-04-04 09:21:59.870357 - Found RPFHELP1.txt (text/plain) in A0611.RPF200.HELP, moved to HELPXMI/RPFHELP1
2025-04-04 09:21:59.870494 - Found RPFHELP2.txt (text/plain) in A0611.RPF200.HELP, moved to HELPXMI/RPFHELP2
2025-04-04 09:21:59.870617 - Found RPFHELP3.txt (text/plain) in A0611.RPF200.HELP, moved to HELPXMI/RPFHELP3
2025-04-04 09:21:59.870748 - Found RPFHELP4.txt (text/plain) in A0611.RPF200.HELP, moved to HELPXMI/RPFHELP4
2025-04-04 09:21:59.870880 - Found RPFHELP5.eml (message/rfc822) in A0611.RPF200.HELP, moved to HELPXMI/RPFHELP5
2025-04-04 09:21:59.871006 - Found RPFV.txt (text/plain) in A0611.RPF200.HELP, moved to HELPXMI/RPFV
2025-04-04 09:21:59.871544 - Found JCLXMI.xmi (application/xmit) in SBGOLOB.CBT509.FILE415, moved to PDS/JCLXMI.xmi
2025-04-04 09:21:59.955091 - Received A0611.RPF200.JCL from JCLXMI.xmi 
2025-04-04 09:21:59.955756 - Found $CMDLIB.jcl (text/plain) in A0611.RPF200.JCL, moved to JCLXMI/$CMDLIB
2025-04-04 09:21:59.955902 - Found $COPYHLP.jcl (text/plain) in A0611.RPF200.JCL, moved to JCLXMI/$COPYHLP
2025-04-04 09:21:59.956034 - Found $INSTMVS.jcl (text/plain) in A0611.RPF200.JCL, moved to JCLXMI/$INSTMVS
2025-04-04 09:21:59.956163 - Found $PROFILE.jcl (text/plain) in A0611.RPF200.JCL, moved to JCLXMI/$PROFILE
2025-04-04 09:21:59.956292 - Found $RECV370.jcl (text/plain) in A0611.RPF200.JCL, moved to JCLXMI/$RECV370
2025-04-04 09:21:59.956412 - Found AMODE31.jcl (text/plain) in A0611.RPF200.JCL, moved to JCLXMI/AMODE31
2025-04-04 09:21:59.956538 - Found ASMRPF.jcl (text/plain) in A0611.RPF200.JCL, moved to JCLXMI/ASMRPF
2025-04-04 09:21:59.956662 - Found ASMRPFZ.jcl (text/plain) in A0611.RPF200.JCL, moved to JCLXMI/ASMRPFZ
2025-04-04 09:21:59.956779 - Found LKEDRPF.jcl (text/plain) in A0611.RPF200.JCL, moved to JCLXMI/LKEDRPF
2025-04-04 09:21:59.956897 - Found MAKETAPE.jcl (text/plain) in A0611.RPF200.JCL, moved to JCLXMI/MAKETAPE
2025-04-04 09:21:59.957530 - Found LOADXMI.xmi (application/xmit) in SBGOLOB.CBT509.FILE415, moved to PDS/LOADXMI.xmi
2025-04-04 09:22:00.036287 - Received A0611.RPF200.ZOS from LOADXMI.xmi 
2025-04-04 09:22:00.037448 - Found FAIRCLS.bin (application/octet-stream) in A0611.RPF200.ZOS, moved to LOADXMI/FAIRCLS
2025-04-04 09:22:00.037593 - Found FAIRLOC.bin (application/octet-stream) in A0611.RPF200.ZOS, moved to LOADXMI/FAIRLOC
2025-04-04 09:22:00.037730 - Found FAIRMOD.bin (application/octet-stream) in A0611.RPF200.ZOS, moved to LOADXMI/FAIRMOD
2025-04-04 09:22:00.037862 - Found FAIRNTE.bin (application/octet-stream) in A0611.RPF200.ZOS, moved to LOADXMI/FAIRNTE
2025-04-04 09:22:00.038001 - Found FAIROPN.bin (application/octet-stream) in A0611.RPF200.ZOS, moved to LOADXMI/FAIROPN
2025-04-04 09:22:00.038121 - Found FAIRPNT.bin (application/octet-stream) in A0611.RPF200.ZOS, moved to LOADXMI/FAIRPNT
2025-04-04 09:22:00.038253 - Found FAIRREC.bin (application/octet-stream) in A0611.RPF200.ZOS, moved to LOADXMI/FAIRREC
2025-04-04 09:22:00.038315 - Found alias RPF to RPFMAIN in A0611.RPF200.ZOS, moved to PDS/RPF
2025-04-04 09:22:00.038441 - Found RPFALLOC.bin (application/octet-stream) in A0611.RPF200.ZOS, moved to LOADXMI/RPFALLOC
2025-04-04 09:22:00.038566 - Found RPFARCH.bin (application/octet-stream) in A0611.RPF200.ZOS, moved to LOADXMI/RPFARCH
2025-04-04 09:22:00.038684 - Found RPFARSVE.bin (application/octet-stream) in A0611.RPF200.ZOS, moved to LOADXMI/RPFARSVE
2025-04-04 09:22:00.038819 - Found RPFASM.bin (application/octet-stream) in A0611.RPF200.ZOS, moved to LOADXMI/RPFASM
2025-04-04 09:22:00.038957 - Found RPFASM00.bin (application/octet-stream) in A0611.RPF200.ZOS, moved to LOADXMI/RPFASM00
2025-04-04 09:22:00.039007 - Found alias RPFBR to RPFED in A0611.RPF200.ZOS, moved to PDS/RPFBR
2025-04-04 09:22:00.039150 - Found RPFBRO.bin (application/octet-stream) in A0611.RPF200.ZOS, moved to LOADXMI/RPFBRO
2025-04-04 09:22:00.039304 - Found RPFCHNG.bin (application/octet-stream) in A0611.RPF200.ZOS, moved to LOADXMI/RPFCHNG
2025-04-04 09:22:00.039461 - Found RPFCNVDT.bin (application/octet-stream) in A0611.RPF200.ZOS, moved to LOADXMI/RPFCNVDT
2025-04-04 09:22:00.039590 - Found RPFC3270.bin (application/octet-stream) in A0611.RPF200.ZOS, moved to LOADXMI/RPFC3270
2025-04-04 09:22:00.039707 - Found RPFDAIR.bin (application/octet-stream) in A0611.RPF200.ZOS, moved to LOADXMI/RPFDAIR
2025-04-04 09:22:00.039831 - Found RPFDATAL.bin (application/octet-stream) in A0611.RPF200.ZOS, moved to LOADXMI/RPFDATAL
2025-04-04 09:22:00.039980 - Found RPFDEF.bin (application/octet-stream) in A0611.RPF200.ZOS, moved to LOADXMI/RPFDEF
2025-04-04 09:22:00.040127 - Found RPFDOC.bin (application/octet-stream) in A0611.RPF200.ZOS, moved to LOADXMI/RPFDOC
2025-04-04 09:22:00.040277 - Found RPFED.bin (application/octet-stream) in A0611.RPF200.ZOS, moved to LOADXMI/RPFED
2025-04-04 09:22:00.040438 - Found RPFEDIT.bin (application/octet-stream) in A0611.RPF200.ZOS, moved to LOADXMI/RPFEDIT
2025-04-04 09:22:00.040583 - Found RPFEDITL.bin (application/octet-stream) in A0611.RPF200.ZOS, moved to LOADXMI/RPFEDITL
2025-04-04 09:22:00.040728 - Found RPFEND.bin (application/octet-stream) in A0611.RPF200.ZOS, moved to LOADXMI/RPFEND
2025-04-04 09:22:00.040892 - Found RPFFILL.bin (application/octet-stream) in A0611.RPF200.ZOS, moved to LOADXMI/RPFFILL
2025-04-04 09:22:00.041156 - Found RPFFIND.bin (application/octet-stream) in A0611.RPF200.ZOS, moved to LOADXMI/RPFFIND
2025-04-04 09:22:00.041349 - Found RPFHCPY.bin (application/octet-stream) in A0611.RPF200.ZOS, moved to LOADXMI/RPFHCPY
2025-04-04 09:22:00.041515 - Found RPFHELP.bin (application/octet-stream) in A0611.RPF200.ZOS, moved to LOADXMI/RPFHELP
2025-04-04 09:22:00.041662 - Found RPFINIT.bin (application/octet-stream) in A0611.RPF200.ZOS, moved to LOADXMI/RPFINIT
2025-04-04 09:22:00.041809 - Found RPFJCL.bin (application/octet-stream) in A0611.RPF200.ZOS, moved to LOADXMI/RPFJCL
2025-04-04 09:22:00.041979 - Found RPFLIB.bin (application/octet-stream) in A0611.RPF200.ZOS, moved to LOADXMI/RPFLIB
2025-04-04 09:22:00.042116 - Found RPFLIB01.bin (application/octet-stream) in A0611.RPF200.ZOS, moved to LOADXMI/RPFLIB01
2025-04-04 09:22:00.042252 - Found RPFLIB02.bin (application/octet-stream) in A0611.RPF200.ZOS, moved to LOADXMI/RPFLIB02
2025-04-04 09:22:00.042378 - Found RPFLISTC.bin (application/octet-stream) in A0611.RPF200.ZOS, moved to LOADXMI/RPFLISTC
2025-04-04 09:22:00.042519 - Found RPFMAIN.bin (application/octet-stream) in A0611.RPF200.ZOS, moved to LOADXMI/RPFMAIN
2025-04-04 09:22:00.042678 - Found RPFMVCPY.bin (application/octet-stream) in A0611.RPF200.ZOS, moved to LOADXMI/RPFMVCPY
2025-04-04 09:22:00.042800 - Found RPFOPER.bin (application/octet-stream) in A0611.RPF200.ZOS, moved to LOADXMI/RPFOPER
2025-04-04 09:22:00.042915 - Found RPFOUT.bin (application/octet-stream) in A0611.RPF200.ZOS, moved to LOADXMI/RPFOUT
2025-04-04 09:22:00.042973 - Found alias RPFPD to RPFED in A0611.RPF200.ZOS, moved to PDS/RPFPD
2025-04-04 09:22:00.043086 - Found RPFPDS.bin (application/octet-stream) in A0611.RPF200.ZOS, moved to LOADXMI/RPFPDS
2025-04-04 09:22:00.043208 - Found RPFPFK.bin (application/octet-stream) in A0611.RPF200.ZOS, moved to LOADXMI/RPFPFK
2025-04-04 09:22:00.043326 - Found RPFSAVE.bin (application/octet-stream) in A0611.RPF200.ZOS, moved to LOADXMI/RPFSAVE
2025-04-04 09:22:00.043450 - Found RPFSRCH.bin (application/octet-stream) in A0611.RPF200.ZOS, moved to LOADXMI/RPFSRCH
2025-04-04 09:22:00.043507 - Found alias RPFST to RPFED in A0611.RPF200.ZOS, moved to PDS/RPFST
2025-04-04 09:22:00.043629 - Found RPFSTAT.bin (application/octet-stream) in A0611.RPF200.ZOS, moved to LOADXMI/RPFSTAT
2025-04-04 09:22:00.043765 - Found RPFSUB.bin (application/octet-stream) in A0611.RPF200.ZOS, moved to LOADXMI/RPFSUB
2025-04-04 09:22:00.043884 - Found RPFTEST.bin (application/octet-stream) in A0611.RPF200.ZOS, moved to LOADXMI/RPFTEST
2025-04-04 09:22:00.043996 - Found RPFTSO.bin (application/octet-stream) in A0611.RPF200.ZOS, moved to LOADXMI/RPFTSO
2025-04-04 09:22:00.044114 - Found RPFUTIL.bin (application/octet-stream) in A0611.RPF200.ZOS, moved to LOADXMI/RPFUTIL
2025-04-04 09:22:00.044228 - Found RPFV.bin (application/octet-stream) in A0611.RPF200.ZOS, moved to LOADXMI/RPFV
2025-04-04 09:22:00.044341 - Found RPFVTOC.bin (application/octet-stream) in A0611.RPF200.ZOS, moved to LOADXMI/RPFVTOC
2025-04-04 09:22:00.044451 - Found RPFVTOC1.bin (application/octet-stream) in A0611.RPF200.ZOS, moved to LOADXMI/RPFVTOC1
2025-04-04 09:22:00.046397 - Found LOADXMIM.xmi (application/xmit) in SBGOLOB.CBT509.FILE415, moved to PDS/LOADXMIM.xmi
2025-04-04 09:22:00.125512 - Received A0611.RPF200.LOAD from LOADXMIM.xmi 
2025-04-04 09:22:00.126686 - Found FAIRCLS.bin (application/octet-stream) in A0611.RPF200.LOAD, moved to LOADXMIM/FAIRCLS
2025-04-04 09:22:00.126831 - Found FAIRLOC.bin (application/octet-stream) in A0611.RPF200.LOAD, moved to LOADXMIM/FAIRLOC
2025-04-04 09:22:00.126966 - Found FAIRMOD.bin (application/octet-stream) in A0611.RPF200.LOAD, moved to LOADXMIM/FAIRMOD
2025-04-04 09:22:00.127094 - Found FAIRNTE.bin (application/octet-stream) in A0611.RPF200.LOAD, moved to LOADXMIM/FAIRNTE
2025-04-04 09:22:00.127229 - Found FAIROPN.bin (application/octet-stream) in A0611.RPF200.LOAD, moved to LOADXMIM/FAIROPN
2025-04-04 09:22:00.127350 - Found FAIRPNT.bin (application/octet-stream) in A0611.RPF200.LOAD, moved to LOADXMIM/FAIRPNT
2025-04-04 09:22:00.127474 - Found FAIRREC.bin (application/octet-stream) in A0611.RPF200.LOAD, moved to LOADXMIM/FAIRREC
2025-04-04 09:22:00.127533 - Found alias RPF to RPFMAIN in A0611.RPF200.LOAD, moved to PDS/RPF
2025-04-04 09:22:00.127659 - Found RPFALLOC.bin (application/octet-stream) in A0611.RPF200.LOAD, moved to LOADXMIM/RPFALLOC
2025-04-04 09:22:00.127792 - Found RPFARCH.bin (application/octet-stream) in A0611.RPF200.LOAD, moved to LOADXMIM/RPFARCH
2025-04-04 09:22:00.127908 - Found RPFARSVE.bin (application/octet-stream) in A0611.RPF200.LOAD, moved to LOADXMIM/RPFARSVE
2025-04-04 09:22:00.128031 - Found RPFASM.bin (application/octet-stream) in A0611.RPF200.LOAD, moved to LOADXMIM/RPFASM
2025-04-04 09:22:00.128158 - Found RPFASM00.bin (application/octet-stream) in A0611.RPF200.LOAD, moved to LOADXMIM/RPFASM00
2025-04-04 09:22:00.128213 - Found alias RPFBR to RPFED in A0611.RPF200.LOAD, moved to PDS/RPFBR
2025-04-04 09:22:00.128339 - Found RPFBRO.bin (application/octet-stream) in A0611.RPF200.LOAD, moved to LOADXMIM/RPFBRO
2025-04-04 09:22:00.128470 - Found RPFCHNG.bin (application/octet-stream) in A0611.RPF200.LOAD, moved to LOADXMIM/RPFCHNG
2025-04-04 09:22:00.128597 - Found RPFCNVDT.bin (application/octet-stream) in A0611.RPF200.LOAD, moved to LOADXMIM/RPFCNVDT
2025-04-04 09:22:00.128718 - Found RPFC3270.bin (application/octet-stream) in A0611.RPF200.LOAD, moved to LOADXMIM/RPFC3270
2025-04-04 09:22:00.128837 - Found RPFDAIR.bin (application/octet-stream) in A0611.RPF200.LOAD, moved to LOADXMIM/RPFDAIR
2025-04-04 09:22:00.128973 - Found RPFDATAL.bin (application/octet-stream) in A0611.RPF200.LOAD, moved to LOADXMIM/RPFDATAL
2025-04-04 09:22:00.129087 - Found RPFDEF.bin (application/octet-stream) in A0611.RPF200.LOAD, moved to LOADXMIM/RPFDEF
2025-04-04 09:22:00.129207 - Found RPFDOC.bin (application/octet-stream) in A0611.RPF200.LOAD, moved to LOADXMIM/RPFDOC
2025-04-04 09:22:00.129326 - Found RPFED.bin (application/octet-stream) in A0611.RPF200.LOAD, moved to LOADXMIM/RPFED
2025-04-04 09:22:00.129453 - Found RPFEDIT.bin (application/octet-stream) in A0611.RPF200.LOAD, moved to LOADXMIM/RPFEDIT
2025-04-04 09:22:00.129600 - Found RPFEDITL.bin (application/octet-stream) in A0611.RPF200.LOAD, moved to LOADXMIM/RPFEDITL
2025-04-04 09:22:00.129762 - Found RPFEND.bin (application/octet-stream) in A0611.RPF200.LOAD, moved to LOADXMIM/RPFEND
2025-04-04 09:22:00.129922 - Found RPFFILL.bin (application/octet-stream) in A0611.RPF200.LOAD, moved to LOADXMIM/RPFFILL
2025-04-04 09:22:00.130057 - Found RPFFIND.bin (application/octet-stream) in A0611.RPF200.LOAD, moved to LOADXMIM/RPFFIND
2025-04-04 09:22:00.130203 - Found RPFHCPY.bin (application/octet-stream) in A0611.RPF200.LOAD, moved to LOADXMIM/RPFHCPY
2025-04-04 09:22:00.130343 - Found RPFHELP.bin (application/octet-stream) in A0611.RPF200.LOAD, moved to LOADXMIM/RPFHELP
2025-04-04 09:22:00.130483 - Found RPFINIT.bin (application/octet-stream) in A0611.RPF200.LOAD, moved to LOADXMIM/RPFINIT
2025-04-04 09:22:00.130622 - Found RPFJCL.bin (application/octet-stream) in A0611.RPF200.LOAD, moved to LOADXMIM/RPFJCL
2025-04-04 09:22:00.130778 - Found RPFLIB.bin (application/octet-stream) in A0611.RPF200.LOAD, moved to LOADXMIM/RPFLIB
2025-04-04 09:22:00.130913 - Found RPFLIB01.bin (application/octet-stream) in A0611.RPF200.LOAD, moved to LOADXMIM/RPFLIB01
2025-04-04 09:22:00.131053 - Found RPFLIB02.bin (application/octet-stream) in A0611.RPF200.LOAD, moved to LOADXMIM/RPFLIB02
2025-04-04 09:22:00.131193 - Found RPFLISTC.bin (application/octet-stream) in A0611.RPF200.LOAD, moved to LOADXMIM/RPFLISTC
2025-04-04 09:22:00.131321 - Found RPFMAIN.bin (application/octet-stream) in A0611.RPF200.LOAD, moved to LOADXMIM/RPFMAIN
2025-04-04 09:22:00.131467 - Found RPFMVCPY.bin (application/octet-stream) in A0611.RPF200.LOAD, moved to LOADXMIM/RPFMVCPY
2025-04-04 09:22:00.131613 - Found RPFOPER.bin (application/octet-stream) in A0611.RPF200.LOAD, moved to LOADXMIM/RPFOPER
2025-04-04 09:22:00.131757 - Found RPFOUT.bin (application/octet-stream) in A0611.RPF200.LOAD, moved to LOADXMIM/RPFOUT
2025-04-04 09:22:00.131822 - Found alias RPFPD to RPFED in A0611.RPF200.LOAD, moved to PDS/RPFPD
2025-04-04 09:22:00.131960 - Found RPFPDS.bin (application/octet-stream) in A0611.RPF200.LOAD, moved to LOADXMIM/RPFPDS
2025-04-04 09:22:00.132118 - Found RPFPFK.bin (application/octet-stream) in A0611.RPF200.LOAD, moved to LOADXMIM/RPFPFK
2025-04-04 09:22:00.132278 - Found RPFSAVE.bin (application/octet-stream) in A0611.RPF200.LOAD, moved to LOADXMIM/RPFSAVE
2025-04-04 09:22:00.132428 - Found RPFSRCH.bin (application/octet-stream) in A0611.RPF200.LOAD, moved to LOADXMIM/RPFSRCH
2025-04-04 09:22:00.132482 - Found alias RPFST to RPFED in A0611.RPF200.LOAD, moved to PDS/RPFST
2025-04-04 09:22:00.132612 - Found RPFSTAT.bin (application/octet-stream) in A0611.RPF200.LOAD, moved to LOADXMIM/RPFSTAT
2025-04-04 09:22:00.132733 - Found RPFSUB.bin (application/octet-stream) in A0611.RPF200.LOAD, moved to LOADXMIM/RPFSUB
2025-04-04 09:22:00.132850 - Found RPFTEST.bin (application/octet-stream) in A0611.RPF200.LOAD, moved to LOADXMIM/RPFTEST
2025-04-04 09:22:00.132968 - Found RPFTSO.bin (application/octet-stream) in A0611.RPF200.LOAD, moved to LOADXMIM/RPFTSO
2025-04-04 09:22:00.133100 - Found RPFUTIL.bin (application/octet-stream) in A0611.RPF200.LOAD, moved to LOADXMIM/RPFUTIL
2025-04-04 09:22:00.133218 - Found RPFV.bin (application/octet-stream) in A0611.RPF200.LOAD, moved to LOADXMIM/RPFV
2025-04-04 09:22:00.133330 - Found RPFVTOC.bin (application/octet-stream) in A0611.RPF200.LOAD, moved to LOADXMIM/RPFVTOC
2025-04-04 09:22:00.133442 - Found RPFVTOC1.bin (application/octet-stream) in A0611.RPF200.LOAD, moved to LOADXMIM/RPFVTOC1
2025-04-04 09:22:00.135368 - Found MACXMI.xmi (application/xmit) in SBGOLOB.CBT509.FILE415, moved to PDS/MACXMI.xmi
2025-04-04 09:22:00.180611 - Received A0611.RPF200.MACLIB from MACXMI.xmi 
2025-04-04 09:22:00.181093 - Found AMODE.txt (text/plain) in A0611.RPF200.MACLIB, moved to MACXMI/AMODE
2025-04-04 09:22:00.181235 - Found GETMAIN.txt (text/plain) in A0611.RPF200.MACLIB, moved to MACXMI/GETMAIN
2025-04-04 09:22:00.181370 - Found IHBOPLST.txt (text/plain) in A0611.RPF200.MACLIB, moved to MACXMI/IHBOPLST
2025-04-04 09:22:00.181503 - Found RMODE.txt (text/plain) in A0611.RPF200.MACLIB, moved to MACXMI/RMODE
2025-04-04 09:22:00.181909 - Found PNLXMI.xmi (application/xmit) in SBGOLOB.CBT509.FILE415, moved to PDS/PNLXMI.xmi
2025-04-04 09:22:00.281987 - Received A0611.RPF200.PANELS from PNLXMI.xmi 
2025-04-04 09:22:00.282630 - Found ISPUTILS.txt (text/plain) in A0611.RPF200.PANELS, moved to PNLXMI/ISPUTILS
2025-04-04 09:22:00.282776 - Found ISRFPA.txt (text/plain) in A0611.RPF200.PANELS, moved to PNLXMI/ISRFPA
2025-04-04 09:22:00.282908 - Found RPFED.txt (text/plain) in A0611.RPF200.PANELS, moved to PNLXMI/RPFED
2025-04-04 09:22:00.283040 - Found RPFEDHZ0.txt (text/plain) in A0611.RPF200.PANELS, moved to PNLXMI/RPFEDHZ0
2025-04-04 09:22:00.283167 - Found RPFEDH00.txt (text/plain) in A0611.RPF200.PANELS, moved to PNLXMI/RPFEDH00
2025-04-04 09:22:00.283293 - Found RPFEDH01.txt (text/plain) in A0611.RPF200.PANELS, moved to PNLXMI/RPFEDH01
2025-04-04 09:22:00.283415 - Found RPFEDZOS.txt (text/plain) in A0611.RPF200.PANELS, moved to PNLXMI/RPFEDZOS
2025-04-04 09:22:00.283539 - Found RPFV.txt (text/plain) in A0611.RPF200.PANELS, moved to PNLXMI/RPFV
2025-04-04 09:22:00.283663 - Found RPFVH00.txt (text/plain) in A0611.RPF200.PANELS, moved to PNLXMI/RPFVH00
